<?xml version="1.0" encoding="UTF-8"?>
<!-- Generated by org.testng.reporters.JUnitXMLReporter -->
<testsuite hostname="SIPL-SU142" ignored="0" name="TC 01 verify Create customer account_Instance_1" tests="1" failures="1" timestamp="18 Jun 2019 12:06:13 GMT" time="250.773" errors="0">
  <testcase name="createCustAccount" time="250.159" classname="com.flexcube.Tests.CreateCustAccTest">
    <failure type="java.lang.NullPointerException">
      <![CDATA[java.lang.NullPointerException
	at com.flexcube.Utilities.Common_Functions.stopRecording(Common_Functions.java:99)
	at com.flexcube.Tests.CreateCustAccTest.createCustAccount(CreateCustAccTest.java:52)
	at java.util.concurrent.FutureTask.run(FutureTask.java:266)
	at java.util.concurrent.ThreadPoolExecutor.runWorker(ThreadPoolExecutor.java:1149)
	at java.util.concurrent.ThreadPoolExecutor$Worker.run(ThreadPoolExecutor.java:624)
	at java.lang.Thread.run(Thread.java:748)
... Removed 16 stack frames]]>
    </failure>
  </testcase> <!-- createCustAccount -->
</testsuite> <!-- TC 01 verify Create customer account_Instance_1 -->
